/*C4*/SET SCHEMA PUBLIC
\u000a    create table Cliente (\u000a        id integer generated by default as identity (start with 1),\u000a        nome varchar(255),\u000a        celular varchar(255),\u000a        cpf varchar(255),\u000a        rg varchar(255),\u000a        telefone varchar(255),\u000a        ultimaMedicao date,\u000a        endereco_id integer,\u000a        medidas_id integer,\u000a        primary key (id)\u000a    )
\u000a    create table Cliente_Locacao (\u000a        Cliente_id integer not null,\u000a        locacoes_id integer not null\u000a    )
\u000a    create table Configuracao (\u000a        id integer not null,\u000a        contratoOriginal varchar(255),\u000a        diasEmprestimo integer not null,\u000a        diretorioDeBackup varchar(255),\u000a        diretorioDeContratos varchar(255),\u000a        empresa_cnpj varchar(255),\u000a        primary key (id)\u000a    )
\u000a    create table Despesa (\u000a        id integer generated by default as identity (start with 1),\u000a        data date,\u000a        nome varchar(255),\u000a        observacao varchar(255),\u000a        valor double not null,\u000a        primary key (id)\u000a    )
\u000a    create table Empresa (\u000a        cnpj varchar(255) not null,\u000a        nome varchar(255),\u000a        telefone varchar(255),\u000a        endereco_id integer,\u000a        primary key (cnpj)\u000a    )
\u000a    create table Endereco (\u000a        id integer generated by default as identity (start with 1),\u000a        bairro varchar(255),\u000a        cidade varchar(255),\u000a        numeroCasa integer not null,\u000a        rua varchar(255),\u000a        uf varchar(255),\u000a        primary key (id)\u000a    )
\u000a    create table Fornecedor (\u000a        cnpj varchar(255) not null,\u000a        nome varchar(255),\u000a        telefone varchar(255),\u000a        endereco_id integer,\u000a        primary key (cnpj)\u000a    )
\u000a    create table Locacao (\u000a        id integer not null,\u000a        caminhoDoContrato varchar(255),\u000a        dataDevolucao date,\u000a        dataLocacao date,\u000a        valor double not null,\u000a        cliente_id integer,\u000a        primary key (id)\u000a    )
\u000a    create table Locacao_Produto (\u000a        Locacao_id integer not null,\u000a        produtos_codigo varchar(255) not null\u000a    )
\u000a    create table MEDIDAS (\u000a        id integer generated by default as identity (start with 1),\u000a        blazer integer not null,\u000a        calca integer not null,\u000a        camisa integer not null,\u000a        colete integer not null,\u000a        gravata integer not null,\u000a        observacao varchar(255),\u000a        sapato integer not null,\u000a        traje integer not null,\u000a        primary key (id)\u000a    )
\u000a    create table Produto (\u000a        codigo varchar(255) not null,\u000a        cor varchar(255),\u000a        FORNECEDOR varchar(255),\u000a        nome varchar(255),\u000a        quant integer not null,\u000a        tam integer not null,\u000a        valor double not null,\u000a        primary key (codigo)\u000a    )
\u000a    create table Usuario (\u000a        nickName varchar(255) not null,\u000a        nome varchar(255),\u000a        isAdministrador boolean not null,\u000a        senha varchar(255),\u000a        primary key (nickName)\u000a    )
\u000a    create table VENDA (\u000a        id integer generated by default as identity (start with 1),\u000a        valor double not null,\u000a        primary key (id)\u000a    )
\u000a    create table VENDA_Produto (\u000a        VENDA_id integer not null,\u000a        produtos_codigo varchar(255) not null\u000a    )
\u000a    alter table Cliente_Locacao \u000a        add constraint UK_gb29vqcwgde0u4hua8bthvjn5  unique (locacoes_id)
\u000a    alter table Locacao_Produto \u000a        add constraint UK_jmk0oiticvofd0wwn1xl09dv4  unique (produtos_codigo)
\u000a    alter table VENDA_Produto \u000a        add constraint UK_88tdsbrps0llht03b3orhuyex  unique (produtos_codigo)
\u000a    alter table Cliente \u000a        add constraint FK_qxiooc3mm81acqe8lwcxvkbjd \u000a        foreign key (endereco_id) \u000a        references Endereco
\u000a    alter table Cliente \u000a        add constraint FK_61hkg2v9nblbj92j5iejpfekb \u000a        foreign key (medidas_id) \u000a        references MEDIDAS
\u000a    alter table Cliente_Locacao \u000a        add constraint FK_gb29vqcwgde0u4hua8bthvjn5 \u000a        foreign key (locacoes_id) \u000a        references Locacao
\u000a    alter table Cliente_Locacao \u000a        add constraint FK_iuxewngalxcsmps0muntudsq4 \u000a        foreign key (Cliente_id) \u000a        references Cliente
\u000a    alter table Configuracao \u000a        add constraint FK_eqm6e576d9m3gddo7se48sgk5 \u000a        foreign key (empresa_cnpj) \u000a        references Empresa
\u000a    alter table Empresa \u000a        add constraint FK_qsj0om3x0g7ww0hdxd6xt1bui \u000a        foreign key (endereco_id) \u000a        references Endereco
\u000a    alter table Fornecedor \u000a        add constraint FK_m9jk0j6dahmt3tyxb59u2lx1r \u000a        foreign key (endereco_id) \u000a        references Endereco
\u000a    alter table Locacao \u000a        add constraint FK_ddvprh1jcimgut49lkj501mvc \u000a        foreign key (cliente_id) \u000a        references Cliente
\u000a    alter table Locacao_Produto \u000a        add constraint FK_jmk0oiticvofd0wwn1xl09dv4 \u000a        foreign key (produtos_codigo) \u000a        references Produto
\u000a    alter table Locacao_Produto \u000a        add constraint FK_jqnwf9dr820xwegy9o7if4vds \u000a        foreign key (Locacao_id) \u000a        references Locacao
\u000a    alter table VENDA_Produto \u000a        add constraint FK_88tdsbrps0llht03b3orhuyex \u000a        foreign key (produtos_codigo) \u000a        references Produto
\u000a    alter table VENDA_Produto \u000a        add constraint FK_gq730lc775c39bab0xomrfnde \u000a        foreign key (VENDA_id) \u000a        references VENDA
